INFO - 2026-02-25 10:33:46 - Rendering UI:KeyEvent { code: Up, modifiers: KeyModifiers(0x0), kind: Press, state: KeyEventState(0x0) }
INFO - 2026-02-25 10:33:46 - Rendering UI:KeyEvent { code: Up, modifiers: KeyModifiers(0x0), kind: Release, state: KeyEventState(0x0) }
INFO - 2026-02-25 10:34:35 - Rendering UI:KeyEvent { code: Char('q'), modifiers: KeyModifiers(0x0), kind: Press, state: KeyEventState(0x0) }
INFO - 2026-02-25 10:34:39 - Key pressed: Down
INFO - 2026-02-25 10:34:39 - Key pressed: Down
INFO - 2026-02-25 10:34:40 - Key pressed: Down
INFO - 2026-02-25 10:34:40 - Key pressed: Down
INFO - 2026-02-25 10:34:40 - Key pressed: Down
INFO - 2026-02-25 10:34:41 - Key pressed: Down
INFO - 2026-02-25 10:34:41 - Key pressed: Down
INFO - 2026-02-25 10:34:41 - Key pressed: Down
INFO - 2026-02-25 10:34:42 - Key pressed: Down
INFO - 2026-02-25 10:34:42 - Key pressed: Up
INFO - 2026-02-25 10:34:42 - Key pressed: Up
INFO - 2026-02-25 10:34:43 - Key pressed: Up
INFO - 2026-02-25 10:34:43 - Key pressed: Up
INFO - 2026-02-25 10:34:43 - Key pressed: Up
INFO - 2026-02-25 10:34:43 - Key pressed: Up
INFO - 2026-02-25 10:34:44 - Key pressed: Up
INFO - 2026-02-25 10:34:44 - Key pressed: Up
INFO - 2026-02-25 10:34:44 - Key pressed: Up
INFO - 2026-02-25 10:34:45 - Key pressed: Down
INFO - 2026-02-25 10:34:45 - Key pressed: Down
INFO - 2026-02-25 10:34:45 - Key pressed: Down
INFO - 2026-02-25 10:34:45 - Key pressed: Down
INFO - 2026-02-25 10:34:45 - Key pressed: Down
INFO - 2026-02-25 10:34:46 - Key pressed: Down
INFO - 2026-02-25 10:34:46 - Key pressed: Down
INFO - 2026-02-25 10:34:46 - Key pressed: Down
INFO - 2026-02-25 10:34:46 - Key pressed: Down
INFO - 2026-02-25 10:34:46 - Key pressed: Down
INFO - 2026-02-25 10:34:46 - Key pressed: Down
INFO - 2026-02-25 10:43:18 - Key pressed: Char('q')
INFO - 2026-02-25 10:43:24 - Key pressed: Down
INFO - 2026-02-25 10:43:25 - Key pressed: Down
INFO - 2026-02-25 10:43:25 - Key pressed: Down
INFO - 2026-02-25 10:43:25 - Key pressed: Down
INFO - 2026-02-25 10:43:25 - Key pressed: Down
INFO - 2026-02-25 10:43:25 - Key pressed: Down
INFO - 2026-02-25 10:43:26 - Key pressed: Down
INFO - 2026-02-25 10:43:26 - Key pressed: Down
INFO - 2026-02-25 10:43:27 - Key pressed: Char('q')
INFO - 2026-02-25 10:43:27 - 其他的
INFO - 2026-02-25 10:43:27 - 其他的
INFO - 2026-02-25 10:43:27 - 其他的
INFO - 2026-02-25 10:43:27 - 其他的
INFO - 2026-02-25 10:52:34 - 其他的
INFO - 2026-02-25 10:52:34 - 其他的
INFO - 2026-02-25 10:52:34 - 其他的
INFO - 2026-02-25 10:52:34 - 其他的
INFO - 2026-02-25 10:52:37 - Key pressed: Enter
INFO - 2026-02-25 10:52:38 - Key pressed: Enter
INFO - 2026-02-25 10:52:38 - Key pressed: Enter
INFO - 2026-02-25 10:52:39 - Key pressed: Up
INFO - 2026-02-25 10:52:39 - Key pressed: Up
INFO - 2026-02-25 10:52:39 - Key pressed: Up
INFO - 2026-02-25 10:52:40 - Key pressed: Up
INFO - 2026-02-25 10:52:40 - Key pressed: Char('c')
INFO - 2026-02-25 10:52:40 - Key pressed: Char('c')
INFO - 2026-02-25 10:52:41 - Key pressed: Char('c')
INFO - 2026-02-25 10:52:41 - Key pressed: Char('c')
INFO - 2026-02-25 10:52:43 - Key pressed: Char('q')
INFO - 2026-02-25 10:53:04 - 其他的
INFO - 2026-02-25 10:53:04 - 子目录: "node_modules",name:"node_modules"
INFO - 2026-02-25 10:53:04 - 其他的
INFO - 2026-02-25 10:53:04 - 其他的
INFO - 2026-02-25 10:53:05 - 子目录: "node_modules",name:"node_modules"
INFO - 2026-02-25 10:53:05 - 其他的
INFO - 2026-02-25 10:53:05 - 子目录: "node_modules",name:"node_modules"
INFO - 2026-02-25 10:53:05 - 其他的
INFO - 2026-02-25 10:53:05 - 子目录: "node_modules",name:"node_modules"
INFO - 2026-02-25 10:53:05 - 子目录: "node_modules",name:"node_modules"
INFO - 2026-02-25 10:53:05 - 子目录: "node_modules",name:"node_modules"
INFO - 2026-02-25 10:53:05 - 子目录: "node_modules",name:"node_modules"
INFO - 2026-02-25 10:53:05 - 子目录: "node_modules",name:"node_modules"
INFO - 2026-02-25 10:53:05 - 其他的
INFO - 2026-02-25 10:53:05 - 子目录: "node_modules",name:"node_modules"
INFO - 2026-02-25 10:53:05 - 其他的
INFO - 2026-02-25 10:53:05 - 其他的
INFO - 2026-02-25 10:53:05 - 其他的
INFO - 2026-02-25 10:53:05 - 子目录: "node_modules",name:"node_modules"
INFO - 2026-02-25 10:53:05 - 子目录: "node_modules",name:"node_modules"
INFO - 2026-02-25 10:53:05 - 子目录: "node_modules",name:"node_modules"
INFO - 2026-02-25 10:53:05 - 子目录: "node_modules",name:"node_modules"
INFO - 2026-02-25 10:53:05 - 子目录: "node_modules",name:"node_modules"
INFO - 2026-02-25 10:53:05 - 子目录: "node_modules",name:"node_modules"
INFO - 2026-02-25 10:53:05 - 子目录: "node_modules",name:"node_modules"
INFO - 2026-02-25 10:53:05 - 子目录: "node_modules",name:"node_modules"
INFO - 2026-02-25 10:53:05 - 子目录: "node_modules",name:"node_modules"
INFO - 2026-02-25 10:53:05 - 子目录: "node_modules",name:"node_modules"
INFO - 2026-02-25 10:53:05 - 其他的
INFO - 2026-02-25 10:53:05 - 其他的
INFO - 2026-02-25 10:53:05 - 子目录: "node_modules",name:"node_modules"
INFO - 2026-02-25 10:53:05 - 子目录: "node_modules",name:"node_modules"
INFO - 2026-02-25 10:53:05 - 其他的
INFO - 2026-02-25 10:53:08 - Key pressed: Down
INFO - 2026-02-25 10:53:08 - Key pressed: Down
INFO - 2026-02-25 10:53:08 - Key pressed: Down
INFO - 2026-02-25 10:53:08 - Key pressed: Down
INFO - 2026-02-25 10:53:09 - Key pressed: Down
INFO - 2026-02-25 10:53:09 - Key pressed: Down
INFO - 2026-02-25 10:53:09 - Key pressed: Down
INFO - 2026-02-25 10:53:09 - Key pressed: Down
INFO - 2026-02-25 10:53:09 - Key pressed: Down
INFO - 2026-02-25 10:53:10 - Key pressed: Down
INFO - 2026-02-25 10:53:10 - Key pressed: Down
INFO - 2026-02-25 10:53:10 - Key pressed: Down
INFO - 2026-02-25 10:53:10 - Key pressed: Down
INFO - 2026-02-25 10:53:10 - Key pressed: Down
INFO - 2026-02-25 10:53:11 - Key pressed: Down
INFO - 2026-02-25 10:53:11 - Key pressed: Down
INFO - 2026-02-25 10:53:11 - Key pressed: Down
INFO - 2026-02-25 10:53:11 - Key pressed: Down
INFO - 2026-02-25 10:53:11 - Key pressed: Down
INFO - 2026-02-25 10:53:12 - Key pressed: Down
INFO - 2026-02-25 10:53:12 - Key pressed: Down
INFO - 2026-02-25 10:53:12 - Key pressed: Down
INFO - 2026-02-25 10:53:12 - Key pressed: Down
INFO - 2026-02-25 10:53:12 - Key pressed: Down
INFO - 2026-02-25 10:53:12 - Key pressed: Down
INFO - 2026-02-25 10:53:13 - Key pressed: Up
INFO - 2026-02-25 10:53:13 - Key pressed: Up
INFO - 2026-02-25 10:53:13 - Key pressed: Up
INFO - 2026-02-25 10:53:13 - Key pressed: Up
INFO - 2026-02-25 10:53:13 - Key pressed: Up
INFO - 2026-02-25 10:53:14 - Key pressed: Up
INFO - 2026-02-25 10:53:14 - Key pressed: Up
INFO - 2026-02-25 10:53:14 - Key pressed: Up
INFO - 2026-02-25 10:53:14 - Key pressed: Up
INFO - 2026-02-25 10:53:14 - Key pressed: Up
INFO - 2026-02-25 10:53:14 - Key pressed: Up
INFO - 2026-02-25 10:53:14 - Key pressed: Up
INFO - 2026-02-25 10:53:14 - Key pressed: Up
INFO - 2026-02-25 10:53:14 - Key pressed: Up
INFO - 2026-02-25 10:53:14 - Key pressed: Up
INFO - 2026-02-25 10:53:14 - Key pressed: Up
INFO - 2026-02-25 10:53:14 - Key pressed: Up
INFO - 2026-02-25 10:53:14 - Key pressed: Up
INFO - 2026-02-25 10:53:14 - Key pressed: Up
INFO - 2026-02-25 10:53:14 - Key pressed: Up
INFO - 2026-02-25 10:53:14 - Key pressed: Up
INFO - 2026-02-25 10:53:14 - Key pressed: Up
INFO - 2026-02-25 10:53:14 - Key pressed: Up
INFO - 2026-02-25 10:53:14 - Key pressed: Up
INFO - 2026-02-25 10:53:14 - Key pressed: Up
INFO - 2026-02-25 10:53:14 - Key pressed: Up
INFO - 2026-02-25 10:53:14 - Key pressed: Down
INFO - 2026-02-25 10:53:15 - Key pressed: Down
INFO - 2026-02-25 10:53:15 - Key pressed: Down
INFO - 2026-02-25 10:53:15 - Key pressed: Down
INFO - 2026-02-25 10:53:15 - Key pressed: Down
INFO - 2026-02-25 10:53:15 - Key pressed: Down
INFO - 2026-02-25 10:53:15 - Key pressed: Down
INFO - 2026-02-25 10:53:15 - Key pressed: Down
INFO - 2026-02-25 10:53:15 - Key pressed: Down
INFO - 2026-02-25 10:53:15 - Key pressed: Down
INFO - 2026-02-25 10:53:15 - Key pressed: Down
INFO - 2026-02-25 10:53:15 - Key pressed: Down
INFO - 2026-02-25 10:53:15 - Key pressed: Down
INFO - 2026-02-25 10:53:15 - Key pressed: Down
INFO - 2026-02-25 10:53:15 - Key pressed: Down
INFO - 2026-02-25 10:53:15 - Key pressed: Down
INFO - 2026-02-25 10:53:15 - Key pressed: Down
INFO - 2026-02-25 10:53:15 - Key pressed: Down
INFO - 2026-02-25 10:53:15 - Key pressed: Down
INFO - 2026-02-25 10:53:15 - Key pressed: Down
INFO - 2026-02-25 10:53:16 - Key pressed: Down
INFO - 2026-02-25 10:53:16 - Key pressed: Down
INFO - 2026-02-25 10:53:16 - Key pressed: Down
INFO - 2026-02-25 10:53:16 - Key pressed: Down
INFO - 2026-02-25 10:55:06 - Key pressed: Char('c')
INFO - 2026-02-25 10:55:06 - Key pressed: Char('c')
INFO - 2026-02-25 10:55:06 - Key pressed: Char('c')
INFO - 2026-02-25 10:55:07 - Key pressed: Char('q')
